2016-03-13 19:40:22,468 [ INFO] Root WebApplicationContext: initialization started at org.springframework.web.context.ContextLoader.initWebApplicationContext(ContextLoader.java:307)
2016-03-13 19:40:22,614 [ INFO] Refreshing Root WebApplicationContext: startup date [Sun Mar 13 19:40:22 EET 2016]; root of context hierarchy at org.springframework.context.support.AbstractApplicationContext.prepareRefresh(AbstractApplicationContext.java:578)
2016-03-13 19:40:22,674 [ INFO] Loading XML bean definitions from ServletContext resource [/WEB-INF/spring/root-context.xml] at org.springframework.beans.factory.xml.XmlBeanDefinitionReader.loadBeanDefinitions(XmlBeanDefinitionReader.java:317)
2016-03-13 19:40:23,098 [ INFO] Loading XML bean definitions from ServletContext resource [/WEB-INF/spring/data.xml] at org.springframework.beans.factory.xml.XmlBeanDefinitionReader.loadBeanDefinitions(XmlBeanDefinitionReader.java:317)
2016-03-13 19:40:23,437 [ INFO] Loading properties file from ServletContext resource [/WEB-INF/properties/jdbc.properties] at org.springframework.core.io.support.PropertiesLoaderSupport.loadProperties(PropertiesLoaderSupport.java:172)
2016-03-13 19:40:23,778 [ INFO] Loaded JDBC driver: com.mysql.jdbc.Driver at org.springframework.jdbc.datasource.DriverManagerDataSource.setDriverClassName(DriverManagerDataSource.java:133)
2016-03-13 19:40:24,058 [ INFO] Found explicit default unit with name 'webShopDB' in persistence.xml - overriding local default unit settings ('packagesToScan'/'mappingResources') at org.springframework.orm.jpa.persistenceunit.DefaultPersistenceUnitManager.readPersistenceUnitInfos(DefaultPersistenceUnitManager.java:498)
2016-03-13 19:40:24,059 [ INFO] Building JPA container EntityManagerFactory for persistence unit 'webShopDB' at org.springframework.orm.jpa.LocalContainerEntityManagerFactoryBean.createNativeEntityManagerFactory(LocalContainerEntityManagerFactoryBean.java:339)
2016-03-13 19:40:24,281 [ INFO] HHH000204: Processing PersistenceUnitInfo [
	name: webShopDB
	...] at org.hibernate.jpa.internal.util.LogHelper.logPersistenceUnitInformation(LogHelper.java:31)
2016-03-13 19:40:25,090 [ INFO] HHH000412: Hibernate Core {5.0.7.Final} at org.hibernate.Version.logVersion(Version.java:37)
2016-03-13 19:40:25,095 [ INFO] HHH000206: hibernate.properties not found at org.hibernate.cfg.Environment.<clinit>(Environment.java:213)
2016-03-13 19:40:25,112 [ INFO] HHH000021: Bytecode provider name : javassist at org.hibernate.cfg.Environment.buildBytecodeProvider(Environment.java:317)
2016-03-13 19:40:25,560 [ INFO] HCANN000001: Hibernate Commons Annotations {5.0.1.Final} at org.hibernate.annotations.common.reflection.java.JavaReflectionManager.<clinit>(JavaReflectionManager.java:66)
2016-03-13 19:40:26,406 [ INFO] HHH000400: Using dialect: org.hibernate.dialect.MySQL5Dialect at org.hibernate.dialect.Dialect.<init>(Dialect.java:156)
2016-03-13 19:40:29,144 [ INFO] HHH000228: Running hbm2ddl schema update at org.hibernate.tool.hbm2ddl.SchemaUpdate.execute(SchemaUpdate.java:105)
2016-03-13 19:40:29,609 [ INFO] HHH000397: Using ASTQueryTranslatorFactory at org.hibernate.hql.internal.QueryTranslatorFactoryInitiator.initiateService(QueryTranslatorFactoryInitiator.java:47)
2016-03-13 19:40:30,653 [ INFO] Root WebApplicationContext: initialization completed in 8183 ms at org.springframework.web.context.ContextLoader.initWebApplicationContext(ContextLoader.java:347)
2016-03-13 19:40:30,750 [ INFO] FrameworkServlet 'appServlet': initialization started at org.springframework.web.servlet.FrameworkServlet.initServletBean(FrameworkServlet.java:489)
2016-03-13 19:40:30,762 [ INFO] Refreshing WebApplicationContext for namespace 'appServlet-servlet': startup date [Sun Mar 13 19:40:30 EET 2016]; parent: Root WebApplicationContext at org.springframework.context.support.AbstractApplicationContext.prepareRefresh(AbstractApplicationContext.java:578)
2016-03-13 19:40:30,763 [ INFO] Loading XML bean definitions from ServletContext resource [/WEB-INF/spring/servlet-context.xml] at org.springframework.beans.factory.xml.XmlBeanDefinitionReader.loadBeanDefinitions(XmlBeanDefinitionReader.java:317)
2016-03-13 19:40:31,252 [ INFO] Mapped "{[/search]}" onto public java.lang.String com.tsystems.javaschool.webshop.controllers.SearchController.hello() at org.springframework.web.servlet.handler.AbstractHandlerMethodMapping$MappingRegistry.register(AbstractHandlerMethodMapping.java:527)
2016-03-13 19:40:31,488 [ INFO] Looking for @ControllerAdvice: WebApplicationContext for namespace 'appServlet-servlet': startup date [Sun Mar 13 19:40:30 EET 2016]; parent: Root WebApplicationContext at org.springframework.web.servlet.mvc.method.annotation.RequestMappingHandlerAdapter.initControllerAdviceCache(RequestMappingHandlerAdapter.java:532)
2016-03-13 19:40:31,558 [ INFO] Looking for @ControllerAdvice: WebApplicationContext for namespace 'appServlet-servlet': startup date [Sun Mar 13 19:40:30 EET 2016]; parent: Root WebApplicationContext at org.springframework.web.servlet.mvc.method.annotation.RequestMappingHandlerAdapter.initControllerAdviceCache(RequestMappingHandlerAdapter.java:532)
2016-03-13 19:40:31,651 [ INFO] Mapped URL path [/resources/**] onto handler 'org.springframework.web.servlet.resource.ResourceHttpRequestHandler#0' at org.springframework.web.servlet.handler.AbstractUrlHandlerMapping.registerHandler(AbstractUrlHandlerMapping.java:341)
2016-03-13 19:40:31,752 [ INFO] FrameworkServlet 'appServlet': initialization completed in 1002 ms at org.springframework.web.servlet.FrameworkServlet.initServletBean(FrameworkServlet.java:508)
2016-03-13 19:40:32,004 [ WARN] No mapping found for HTTP request with URI [/product/1/] in DispatcherServlet with name 'appServlet' at org.springframework.web.servlet.DispatcherServlet.noHandlerFound(DispatcherServlet.java:1136)
2016-03-13 19:40:44,305 [ WARN] No mapping found for HTTP request with URI [/cart] in DispatcherServlet with name 'appServlet' at org.springframework.web.servlet.DispatcherServlet.noHandlerFound(DispatcherServlet.java:1136)
